<?xml version="1.0" ?>
<coverage branch-rate="0" branches-covered="0" branches-valid="0" complexity="0" line-rate="0.5" lines-covered="1" lines-valid="2" timestamp="1657781767524" version="4.5.4">
	<!-- Generated by coverage.py: https://coverage.readthedocs.io -->
	<!-- Based on https://raw.githubusercontent.com/cobertura/web/master/htdocs/xml/coverage-04.dtd -->
	<sources>
		<source>C:\Users\19485731\Documents\Work projects\etl_script_sample</source>
	</sources>
	<packages>
		<package branch-rate="0" complexity="0" line-rate="0.5" name="scripts">
			<classes>
				<class branch-rate="0" complexity="0" filename="scripts/fake_test.py" line-rate="0.5" name="fake_test.py">
					<methods/>
					<lines>
						<line hits="1" number="1"/>
						<line hits="0" number="2"/>
					</lines>
				</class>
			</classes>
		</package>
	</packages>
</coverage>
